<?xml version="1.0" encoding="UTF-8"?>
<!-- Generated by org.testng.reporters.JUnitXMLReporter -->
<testsuite ignored="1" hostname="DESKTOP-133IQLD" failures="0" tests="3" name="Default test" time="0.097" errors="0" timestamp="2023-03-30T23:01:35 IST">
  <testcase classname="com.icehrm_automation.loginPage.Sample3" name="login" time="0.017"/>
  <testcase classname="com.icehrm_automation.loginPage.Sample3" name="addEmp" time="0.003"/>
  <testcase classname="com.icehrm_automation.loginPage.Sample3" name="logout" time="0.003"/>
  <testcase classname="com.icehrm_automation.loginPage.Sample3" name="deleteEmp" time="0.0">
    <ignored/>
  </testcase> <!-- deleteEmp -->
</testsuite> <!-- Default test -->
