<?xml version="1.0" encoding="UTF-8"?>
<testng-results ignored="1" total="4" passed="3" failed="0" skipped="0">
  <reporter-output>
  </reporter-output>
  <suite started-at="2023-03-30T23:01:35 IST" name="Default suite" finished-at="2023-03-30T23:01:35 IST" duration-ms="97">
    <groups>
    </groups>
    <test started-at="2023-03-30T23:01:35 IST" name="Default test" finished-at="2023-03-30T23:01:35 IST" duration-ms="97">
      <class name="com.icehrm_automation.loginPage.Sample3">
        <test-method signature="login()[pri:1, instance:com.icehrm_automation.loginPage.Sample3@393671df]" started-at="2023-03-30T23:01:35 IST" name="login" description="login" finished-at="2023-03-30T23:01:35 IST" duration-ms="17" status="PASS">
          <reporter-output>
          </reporter-output>
        </test-method> <!-- login -->
        <test-method signature="addEmp()[pri:2, instance:com.icehrm_automation.loginPage.Sample3@393671df]" started-at="2023-03-30T23:01:35 IST" name="addEmp" description="addEmp" finished-at="2023-03-30T23:01:35 IST" duration-ms="3" status="PASS">
          <reporter-output>
          </reporter-output>
        </test-method> <!-- addEmp -->
        <test-method signature="logout()[pri:4, instance:com.icehrm_automation.loginPage.Sample3@393671df]" started-at="2023-03-30T23:01:35 IST" name="logout" description="logout" finished-at="2023-03-30T23:01:35 IST" duration-ms="3" status="PASS">
          <reporter-output>
          </reporter-output>
        </test-method> <!-- logout -->
      </class> <!-- com.icehrm_automation.loginPage.Sample3 -->
    </test> <!-- Default test -->
  </suite> <!-- Default suite -->
</testng-results>
