<?xml version="1.0" encoding="UTF-8"?>
<!-- Generated by org.testng.reporters.JUnitXMLReporter -->
<testsuite ignored="14" hostname="DESKTOP-133IQLD" failures="0" tests="2" name="Sanity" time="14.392" errors="0" timestamp="2023-03-16T20:17:25 IST">
  <testcase classname="com.icehrm_automation.loginPage.Sample1" name="sample1Test1" time="0.036"/>
  <testcase classname="com.icehrm_automation.loginPage.Sample1" name="sample1Test2" time="0.015"/>
  <testcase classname="com.icehrm_automation.loginPage.Sample1" name="sample1Test5" time="0.0">
    <ignored/>
  </testcase> <!-- sample1Test5 -->
  <testcase classname="com.icehrm_automation.loginPage.Sample1" name="sample1Test3" time="0.0">
    <ignored/>
  </testcase> <!-- sample1Test3 -->
  <testcase classname="com.icehrm_automation.loginPage.LoginTest" name="verifyLoginWithInvalidPasswordCred" time="0.0">
    <ignored/>
  </testcase> <!-- verifyLoginWithInvalidPasswordCred -->
  <testcase classname="com.icehrm_automation.loginPage.Sample1" name="sample1Test4" time="0.0">
    <ignored/>
  </testcase> <!-- sample1Test4 -->
  <testcase classname="com.icehrm_automation.loginPage.Sample5" name="test" time="0.0">
    <ignored/>
  </testcase> <!-- test -->
  <testcase classname="com.icehrm_automation.loginPage.LoginTest" name="verifyLoginWithInvalidPassword2Cred" time="0.0">
    <ignored/>
  </testcase> <!-- verifyLoginWithInvalidPassword2Cred -->
  <testcase classname="com.icehrm_automation.loginPage.LoginTest" name="verifyLoginWithInvalidBlankCred" time="0.0">
    <ignored/>
  </testcase> <!-- verifyLoginWithInvalidBlankCred -->
  <testcase classname="com.icehrm_automation.loginPage.LoginTest" name="verifyLoginWithValidCred" time="0.0">
    <ignored/>
  </testcase> <!-- verifyLoginWithValidCred -->
  <testcase classname="com.icehrm_automation.loginPage.Sample3" name="test" time="0.0">
    <ignored/>
  </testcase> <!-- test -->
  <testcase classname="com.icehrm_automation.loginPage.Sample4" name="test" time="0.0">
    <ignored/>
  </testcase> <!-- test -->
  <testcase classname="com.icehrm_automation.loginPage.TestAnnotations" name="test" time="0.0">
    <ignored/>
  </testcase> <!-- test -->
  <testcase classname="com.icehrm_automation.loginPage.Sample2" name="test" time="0.0">
    <ignored/>
  </testcase> <!-- test -->
  <testcase classname="com.icehrm_automation.loginPage.LoginTest" name="verifyLoginWithInvalidUsername2Cred" time="0.0">
    <ignored/>
  </testcase> <!-- verifyLoginWithInvalidUsername2Cred -->
  <testcase classname="com.icehrm_automation.loginPage.LoginTest" name="verifyLoginWithInvalidUsernameCred" time="0.0">
    <ignored/>
  </testcase> <!-- verifyLoginWithInvalidUsernameCred -->
</testsuite> <!-- Sanity -->
